[2024-09-09 12:52:54,808] 27 root - INFO - Data Ingestion initiated
[2024-09-09 12:53:04,781] 150 root - INFO - Data already downloaded
[2024-09-09 12:53:04,933] 62 root - INFO - Train test split initated
[2024-09-09 12:53:05,052] 69 root - INFO - Ingestion of the data is completed
[2024-09-09 12:53:05,075] 75 root - INFO - Reading train and test data completed
[2024-09-09 12:53:05,075] 77 root - INFO - Obtaining preprocessing object
[2024-09-09 12:53:05,075] 36 root - INFO - Categorical columns: ['ocean_proximity']
[2024-09-09 12:53:05,075] 37 root - INFO - Numerical columns: ['longitude', 'latitude', 'housing_median_age', 'total_bedrooms', 'total_rooms', 'population', 'households', 'median_income']
[2024-09-09 12:53:05,075] 45 root - INFO - Built Imputer
[2024-09-09 12:53:05,076] 63 root - INFO - Built Preprocesser
[2024-09-09 12:53:05,078] 89 root - INFO - Applying preprocessing object on training dataframe and testing dataframe.
[2024-09-09 12:53:05,118] 101 root - INFO - Imputation Performed
[2024-09-09 12:53:05,125] 112 root - INFO - Perform feature engineering
[2024-09-09 12:53:05,131] 118 root - INFO - Engineered Features: ['rooms_per_household', 'bedrooms_per_rooms', 'bedrooms_per_households', 'population_per_household']
[2024-09-09 12:53:05,131] 119 root - INFO - Perform Log transformation on Highly skewed features
[2024-09-09 12:53:05,139] 125 root - INFO - Log transformed Features: ['total_bedrooms', 'total_rooms', 'population', 'households', 'rooms_per_household', 'bedrooms_per_rooms', 'bedrooms_per_households', 'population_per_household']
[2024-09-09 12:53:05,181] 143 root - INFO - Saved imputer object.
[2024-09-09 12:53:05,182] 149 root - INFO - Saved feature engineering object.
[2024-09-09 12:53:05,182] 155 root - INFO - Saved Log transformer object.
[2024-09-09 12:53:05,189] 161 root - INFO - Saved preprocessing object.
[2024-09-09 12:53:14,524] 29 root - INFO - Split training and test input data
[2024-09-09 12:53:29,590] 37 root - INFO - Initialize models and hyper-parameters
[2024-09-09 12:53:35,845] 41 root - INFO - Evaluating Models on pre-processed training data
