[2024-09-09 13:00:00,327] 27 root - INFO - Data Ingestion initiated
[2024-09-09 13:00:00,328] 150 root - INFO - Data already downloaded
[2024-09-09 13:00:00,464] 62 root - INFO - Train test split initated
[2024-09-09 13:00:00,580] 69 root - INFO - Ingestion of the data is completed
[2024-09-09 13:00:00,606] 75 root - INFO - Reading train and test data completed
[2024-09-09 13:00:00,607] 77 root - INFO - Obtaining preprocessing object
[2024-09-09 13:00:00,607] 36 root - INFO - Categorical columns: ['ocean_proximity']
[2024-09-09 13:00:00,607] 37 root - INFO - Numerical columns: ['longitude', 'latitude', 'housing_median_age', 'total_bedrooms', 'total_rooms', 'population', 'households', 'median_income']
[2024-09-09 13:00:00,607] 45 root - INFO - Built Imputer
[2024-09-09 13:00:00,607] 63 root - INFO - Built Preprocesser
[2024-09-09 13:00:00,612] 89 root - INFO - Applying preprocessing object on training dataframe and testing dataframe.
[2024-09-09 13:00:00,640] 101 root - INFO - Imputation Performed
[2024-09-09 13:00:00,645] 112 root - INFO - Perform feature engineering
[2024-09-09 13:00:00,648] 118 root - INFO - Engineered Features: ['rooms_per_household', 'bedrooms_per_rooms', 'bedrooms_per_households', 'population_per_household']
[2024-09-09 13:00:00,648] 119 root - INFO - Perform Log transformation on Highly skewed features
[2024-09-09 13:00:00,652] 125 root - INFO - Log transformed Features: ['total_bedrooms', 'total_rooms', 'population', 'households', 'rooms_per_household', 'bedrooms_per_rooms', 'bedrooms_per_households', 'population_per_household']
[2024-09-09 13:00:00,676] 143 root - INFO - Saved imputer object.
[2024-09-09 13:00:00,677] 149 root - INFO - Saved feature engineering object.
[2024-09-09 13:00:00,677] 155 root - INFO - Saved Log transformer object.
[2024-09-09 13:00:00,679] 161 root - INFO - Saved preprocessing object.
[2024-09-09 13:00:00,681] 29 root - INFO - Split training and test input data
[2024-09-09 13:00:00,681] 37 root - INFO - Initialize models and hyper-parameters
[2024-09-09 13:00:00,682] 41 root - INFO - Evaluating Models on pre-processed training data
[2024-09-09 13:00:05,162] 114 root - INFO - Best LinearRegression() model evaluated with best parameters {} getting training score of 0.6726144887532944
[2024-09-09 13:00:06,270] 114 root - INFO - Best Ridge() model evaluated with best parameters {'alpha': 1.0} getting training score of 0.6727514022694606
[2024-09-09 13:00:07,684] 114 root - INFO - Best DecisionTreeRegressor(max_depth=10, min_samples_split=10) model evaluated with best parameters {'max_depth': 10, 'min_samples_split': 10} getting training score of 0.7078434863056474
[2024-09-09 13:06:23,322] 114 root - INFO - Best RandomForestRegressor(n_estimators=200) model evaluated with best parameters {'max_depth': None, 'min_samples_split': 2, 'n_estimators': 200} getting training score of 0.8069157751133735
