[2024-09-09 12:50:27,540] 27 root - INFO - Data Ingestion initiated
[2024-09-09 12:50:27,540] 150 root - INFO - Data already downloaded
[2024-09-09 12:50:27,677] 62 root - INFO - Train test split initated
[2024-09-09 12:50:27,793] 69 root - INFO - Ingestion of the data is completed
[2024-09-09 12:50:27,812] 75 root - INFO - Reading train and test data completed
[2024-09-09 12:50:27,812] 77 root - INFO - Obtaining preprocessing object
[2024-09-09 12:50:27,812] 36 root - INFO - Categorical columns: ['ocean_proximity']
[2024-09-09 12:50:27,812] 37 root - INFO - Numerical columns: ['longitude', 'latitude', 'housing_median_age', 'total_bedrooms', 'total_rooms', 'population', 'households', 'median_income']
[2024-09-09 12:50:27,812] 45 root - INFO - Built Imputer
[2024-09-09 12:50:27,812] 63 root - INFO - Built Preprocesser
[2024-09-09 12:50:27,814] 89 root - INFO - Applying preprocessing object on training dataframe and testing dataframe.
[2024-09-09 12:50:27,840] 101 root - INFO - Imputation Performed
[2024-09-09 12:50:27,845] 112 root - INFO - Perform feature engineering
[2024-09-09 12:50:27,848] 118 root - INFO - Engineered Features: ['rooms_per_household', 'bedrooms_per_rooms', 'bedrooms_per_households', 'population_per_household']
[2024-09-09 12:50:27,848] 119 root - INFO - Perform Log transformation on Highly skewed features
[2024-09-09 12:50:27,852] 125 root - INFO - Log transformed Features: ['total_bedrooms', 'total_rooms', 'population', 'households', 'rooms_per_household', 'bedrooms_per_rooms', 'bedrooms_per_households', 'population_per_household']
[2024-09-09 12:50:27,877] 143 root - INFO - Saved imputer object.
[2024-09-09 12:50:27,877] 149 root - INFO - Saved feature engineering object.
[2024-09-09 12:50:27,878] 155 root - INFO - Saved Log transformer object.
[2024-09-09 12:50:27,880] 161 root - INFO - Saved preprocessing object.
[2024-09-09 12:50:27,881] 29 root - INFO - Split training and test input data
[2024-09-09 12:50:27,882] 37 root - INFO - Initialize models and hyper-parameters
[2024-09-09 12:50:27,882] 41 root - INFO - Evaluating Models on pre-processed training data
